-------------------------------------------------------------------------------
Test set: com.newcoder.community.mapper.DiscussPostMapperTest
-------------------------------------------------------------------------------
Tests run: 1, Failures: 0, Errors: 1, Skipped: 0, Time elapsed: 3.272 s <<< FAILURE! - in com.newcoder.community.mapper.DiscussPostMapperTest
testSelectPosts  Time elapsed: 0.003 s  <<< ERROR!
java.lang.IllegalStateException: Failed to load ApplicationContext
Caused by: org.springframework.beans.factory.BeanCreationException: 
Error creating bean with name 'requestMappingHandlerMapping' defined in class path resource [org/springframework/boot/autoconfigure/web/servlet/WebMvcAutoConfiguration$EnableWebMvcConfiguration.class]: Invocation of init method failed; nested exception is java.lang.IllegalStateException: Ambiguous mapping. Cannot map 'loginController' method 
com.newcoder.community.controller.LoginController#getRegisterPage(Model, User)
to {GET [/register]}: There is already 'loginController' bean method
com.newcoder.community.controller.LoginController#getRegisterPage() mapped.
Caused by: java.lang.IllegalStateException: 
Ambiguous mapping. Cannot map 'loginController' method 
com.newcoder.community.controller.LoginController#getRegisterPage(Model, User)
to {GET [/register]}: There is already 'loginController' bean method
com.newcoder.community.controller.LoginController#getRegisterPage() mapped.

